Initial account value estimate: 823978
Universe warm-up completed. prev_close_count=231 session_capital_basis=823978 session_slot_count=3 slot_budget_per_stock=274659 position_limit=3
Startup carryover liquidation completed. Proceeding with normal session flow.
No entry candidates at primary expected-return threshold. Retrying with fallback threshold 0.60 instead of 0.70 produced 3 candidates.
Using fallback expected-return threshold after prev-scan jump filter: 0.60 candidates=3
Planned 2 affordable targets out of desired 3 due to cash constraints.
FILL BUY 259960 qty=1 price=236000 filled_at=2026-07-13T09:31:39 source=wait_buy_filled order_id=0127172
Submitting limit sell for 259960: target_price=237500 stop_loss_price=0 decision_fill_price=236000 raw_fill={'rows': [{'ord_no': '0127172', 'stk_nm': '크래프톤', 'io_tp_nm': '+매수', 'ord_pric': '236000', 'ord_qty': '1', 'cntr_pric': '236000', 'cntr_qty': '1', 'oso_qty': '0', 'tdy_trde_cmsn': '30', 'tdy_trde_tax': '0', 'ord_stt': '체결', 'trde_tp': '보통', 'orig_ord_no': '0000000', 'ord_tm': '093139', 'stk_cd': '259960', 'stex_tp': '1', 'stex_tp_txt': 'KRX', 'sor_yn': 'N', 'stop_pric': '0'}], 'latest_row': {'ord_no': '0127172', 'stk_nm': '크래프톤', 'io_tp_nm': '+매수', 'ord_pric': '236000', 'ord_qty': '1', 'cntr_pric': '236000', 'cntr_qty': '1', 'oso_qty': '0', 'tdy_trde_cmsn': '30', 'tdy_trde_tax': '0', 'ord_stt': '체결', 'trde_tp': '보통', 'orig_ord_no': '0000000', 'ord_tm': '093139', 'stk_cd': '259960', 'stex_tp': '1', 'stex_tp_txt': 'KRX', 'sor_yn': 'N', 'stop_pric': '0'}}
FILL BUY 443060 qty=1 price=198800 filled_at=2026-07-13T09:31:51 source=wait_buy_filled order_id=0127576
Submitting limit sell for 443060: target_price=200000 stop_loss_price=0 decision_fill_price=198800 raw_fill={'rows': [{'ord_no': '0127576', 'stk_nm': 'HD현대마린솔루션', 'io_tp_nm': '+매수', 'ord_pric': '198800', 'ord_qty': '1', 'cntr_pric': '198800', 'cntr_qty': '1', 'oso_qty': '0', 'tdy_trde_cmsn': '20', 'tdy_trde_tax': '0', 'ord_stt': '체결', 'trde_tp': '보통', 'orig_ord_no': '0000000', 'ord_tm': '093151', 'stk_cd': '443060', 'stex_tp': '1', 'stex_tp_txt': 'KRX', 'sor_yn': 'N', 'stop_pric': '0'}], 'latest_row': {'ord_no': '0127576', 'stk_nm': 'HD현대마린솔루션', 'io_tp_nm': '+매수', 'ord_pric': '198800', 'ord_qty': '1', 'cntr_pric': '198800', 'cntr_qty': '1', 'oso_qty': '0', 'tdy_trde_cmsn': '20', 'tdy_trde_tax': '0', 'ord_stt': '체결', 'trde_tp': '보통', 'orig_ord_no': '0000000', 'ord_tm': '093151', 'stk_cd': '443060', 'stex_tp': '1', 'stex_tp_txt': 'KRX', 'sor_yn': 'N', 'stop_pric': '0'}}
FILL SELL 443060 qty=1 price=200000 filled_at=2026-07-13T09:31:51 source=poll order_id=0127588
FILL SELL 259960 qty=1 price=237500 filled_at=2026-07-13T09:31:40 source=poll order_id=0127183
Planned 1 affordable targets out of desired 3 due to cash constraints.
FILL BUY 010820 qty=43 price=6290 filled_at=2026-07-13T09:50:18 source=wait_buy_filled order_id=0160385
Submitting limit sell for 010820: target_price=6340 stop_loss_price=0 decision_fill_price=6290 raw_fill={'rows': [{'ord_no': '0160385', 'stk_nm': '퍼스텍', 'io_tp_nm': '+매수', 'ord_pric': '6290', 'ord_qty': '43', 'cntr_pric': '6290', 'cntr_qty': '43', 'oso_qty': '0', 'tdy_trde_cmsn': '40', 'tdy_trde_tax': '0', 'ord_stt': '체결', 'trde_tp': '보통', 'orig_ord_no': '0000000', 'ord_tm': '095018', 'stk_cd': '010820', 'stex_tp': '1', 'stex_tp_txt': 'KRX', 'sor_yn': 'N', 'stop_pric': '0'}], 'latest_row': {'ord_no': '0160385', 'stk_nm': '퍼스텍', 'io_tp_nm': '+매수', 'ord_pric': '6290', 'ord_qty': '43', 'cntr_pric': '6290', 'cntr_qty': '43', 'oso_qty': '0', 'tdy_trde_cmsn': '40', 'tdy_trde_tax': '0', 'ord_stt': '체결', 'trde_tp': '보통', 'orig_ord_no': '0000000', 'ord_tm': '095018', 'stk_cd': '010820', 'stex_tp': '1', 'stex_tp_txt': 'KRX', 'sor_yn': 'N', 'stop_pric': '0'}}
Stop-loss triggered from account snapshot fallback: 010820 avg=6290 loss_percent=-4.67 limit_price=5990
FILL SELL 010820 qty=43 price=5990 filled_at=2026-07-13T10:50:56 source=stop_loss order_id=0234586
FILL BUY 336260 qty=5 price=46200 filled_at=2026-07-13T10:53:37 source=wait_buy_filled order_id=0237889
Submitting limit sell for 336260: target_price=46800 stop_loss_price=0 decision_fill_price=46200 raw_fill={'rows': [{'ord_no': '0237889', 'stk_nm': '두산퓨얼셀', 'io_tp_nm': '+매수', 'ord_pric': '46250', 'ord_qty': '5', 'cntr_pric': '46200', 'cntr_qty': '5', 'oso_qty': '0', 'tdy_trde_cmsn': '30', 'tdy_trde_tax': '0', 'ord_stt': '체결', 'trde_tp': '보통', 'orig_ord_no': '0000000', 'ord_tm': '105337', 'stk_cd': '336260', 'stex_tp': '1', 'stex_tp_txt': 'KRX', 'sor_yn': 'N', 'stop_pric': '0'}], 'latest_row': {'ord_no': '0237889', 'stk_nm': '두산퓨얼셀', 'io_tp_nm': '+매수', 'ord_pric': '46250', 'ord_qty': '5', 'cntr_pric': '46200', 'cntr_qty': '5', 'oso_qty': '0', 'tdy_trde_cmsn': '30', 'tdy_trde_tax': '0', 'ord_stt': '체결', 'trde_tp': '보통', 'orig_ord_no': '0000000', 'ord_tm': '105337', 'stk_cd': '336260', 'stex_tp': '1', 'stex_tp_txt': 'KRX', 'sor_yn': 'N', 'stop_pric': '0'}}
FILL BUY 010820 qty=45 price=6000 filled_at=2026-07-13T10:53:49 source=wait_buy_filled order_id=0238064
Submitting limit sell for 010820: target_price=6050 stop_loss_price=0 decision_fill_price=6000 raw_fill={'rows': [{'ord_no': '0238064', 'stk_nm': '퍼스텍', 'io_tp_nm': '+매수', 'ord_pric': '6000', 'ord_qty': '45', 'cntr_pric': '6000', 'cntr_qty': '45', 'oso_qty': '0', 'tdy_trde_cmsn': '40', 'tdy_trde_tax': '0', 'ord_stt': '체결', 'trde_tp': '보통', 'orig_ord_no': '0000000', 'ord_tm': '105349', 'stk_cd': '010820', 'stex_tp': '1', 'stex_tp_txt': 'KRX', 'sor_yn': 'N', 'stop_pric': '0'}], 'latest_row': {'ord_no': '0238064', 'stk_nm': '퍼스텍', 'io_tp_nm': '+매수', 'ord_pric': '6000', 'ord_qty': '45', 'cntr_pric': '6000', 'cntr_qty': '45', 'oso_qty': '0', 'tdy_trde_cmsn': '40', 'tdy_trde_tax': '0', 'ord_stt': '체결', 'trde_tp': '보통', 'orig_ord_no': '0000000', 'ord_tm': '105349', 'stk_cd': '010820', 'stex_tp': '1', 'stex_tp_txt': 'KRX', 'sor_yn': 'N', 'stop_pric': '0'}}
Stop-loss triggered from account snapshot fallback: 010820 avg=6000 loss_percent=-4.55 limit_price=5740
FILL SELL 010820 qty=45 price=5740 filled_at=2026-07-13T13:10:19 source=stop_loss order_id=0341962
Submitting market force sell for 336260: quantity=5
FILL SELL 336260 qty=5 price=45700 filled_at=2026-07-13T15:01:41 source=force_sell order_id=0417709
Force sell completed. Waiting for end-of-day reconciliation.
FILL BUY 259960 qty=1 price=236000 filled_at=2026-07-13T09:31:39 source=eod_reconciliation order_id=0127172
FILL SELL 259960 qty=1 price=237500 filled_at=2026-07-13T09:31:40 source=eod_reconciliation order_id=0127183
FILL BUY 443060 qty=1 price=198800 filled_at=2026-07-13T09:31:51 source=eod_reconciliation order_id=0127576
FILL SELL 443060 qty=1 price=200000 filled_at=2026-07-13T09:31:51 source=eod_reconciliation order_id=0127588
FILL BUY 010820 qty=43 price=6290 filled_at=2026-07-13T09:50:18 source=eod_reconciliation order_id=0160385
FILL SELL 010820 qty=43 price=5990 filled_at=2026-07-13T10:50:56 source=eod_reconciliation order_id=0234586
FILL BUY 336260 qty=5 price=46200 filled_at=2026-07-13T10:53:37 source=eod_reconciliation order_id=0237889
FILL BUY 010820 qty=45 price=6000 filled_at=2026-07-13T10:53:49 source=eod_reconciliation order_id=0238064
FILL SELL 010820 qty=45 price=5740 filled_at=2026-07-13T13:10:19 source=eod_reconciliation order_id=0341962
FILL SELL 336260 qty=5 price=45700 filled_at=2026-07-13T15:01:41 source=eod_reconciliation order_id=0417709
End-of-day reconciliation completed: broker_fills=10 updated=10
