Initial account value estimate: 1276161
FILL SELL 085620 qty=5 price=22100 filled_at=2026-06-10T11:50:23 source=poll order_id=0334709
FILL SELL 004990 qty=2 price=25750 filled_at=2026-06-10T11:46:07 source=poll order_id=0331600
FILL SELL 005940 qty=1 price=30900 filled_at=2026-06-10T11:41:49 source=poll order_id=0328311
FILL SELL 092200 qty=4 price=9460 filled_at=2026-06-10T11:37:34 source=poll order_id=0324813
FILL SELL 092200 qty=6 price=9450 filled_at=2026-06-10T11:25:31 source=poll order_id=0314448
FILL SELL 005090 qty=2 price=51900 filled_at=2026-06-10T11:21:21 source=poll order_id=0310963
FILL SELL 005940 qty=2 price=30900 filled_at=2026-06-10T11:08:18 source=poll order_id=0298606
FILL SELL 161390 qty=3 price=71300 filled_at=2026-06-10T10:51:41 source=poll order_id=0282777
FILL SELL 028670 qty=14 price=5080 filled_at=2026-06-10T09:49:54 source=poll order_id=0204681
Stop-loss triggered from account snapshot: 000430 avg=5700 loss_percent=-8.45
FILL SELL 000430 qty=43 price=5210 filled_at=2026-06-10T14:46:10 source=stop_loss order_id=0481177
FILL SELL 000430 qty=43 price=5730 filled_at=2026-06-10T14:46:23.097394 source=sell_reconciliation order_id=0275178
Stop-loss triggered from account snapshot: 018260 avg=233500 loss_percent=-6.21
FILL SELL 018260 qty=1 price=219000 filled_at=2026-06-10T14:46:55 source=stop_loss order_id=0481789
FILL SELL 018260 qty=1 price=234500 filled_at=2026-06-10T14:47:12.936498 source=sell_reconciliation order_id=0256128
Stop-loss triggered from account snapshot: 035420 avg=236000 loss_percent=-5.93
FILL SELL 035420 qty=1 price=222500 filled_at=2026-06-10T14:47:35 source=stop_loss order_id=0482396
FILL SELL 035420 qty=1 price=237000 filled_at=2026-06-10T14:47:49.348311 source=sell_reconciliation order_id=0260273
Stop-loss triggered from account snapshot: 281820 avg=67300 loss_percent=-6.14
FILL SELL 281820 qty=1 price=63300 filled_at=2026-06-10T14:48:10 source=stop_loss order_id=0482916
FILL SELL 281820 qty=1 price=67700 filled_at=2026-06-10T14:48:17.921153 source=sell_reconciliation order_id=0294301
Daily loss limit reached: initial=1276161 current=801337 adjusted_current=801337 external_cash_flow=0 loss_percent=37.21% limit=10.00%. Blocking new buys only.
Daily loss limit reached: initial=1276161 current=801387 adjusted_current=801387 external_cash_flow=0 loss_percent=37.20% limit=10.00%. Blocking new buys only.
Daily loss limit reached: initial=1276161 current=801787 adjusted_current=801787 external_cash_flow=0 loss_percent=37.17% limit=10.00%. Blocking new buys only.
Daily loss limit reached: initial=1276161 current=801637 adjusted_current=801637 external_cash_flow=0 loss_percent=37.18% limit=10.00%. Blocking new buys only.
Daily loss limit reached: initial=1276161 current=801887 adjusted_current=801887 external_cash_flow=0 loss_percent=37.16% limit=10.00%. Blocking new buys only.
Daily loss limit reached: initial=1276161 current=802387 adjusted_current=802387 external_cash_flow=0 loss_percent=37.12% limit=10.00%. Blocking new buys only.
Daily loss limit reached: initial=1276161 current=802587 adjusted_current=802587 external_cash_flow=0 loss_percent=37.11% limit=10.00%. Blocking new buys only.
Daily loss limit reached: initial=1276161 current=801837 adjusted_current=801837 external_cash_flow=0 loss_percent=37.17% limit=10.00%. Blocking new buys only.
Daily loss limit reached: initial=1276161 current=802037 adjusted_current=802037 external_cash_flow=0 loss_percent=37.15% limit=10.00%. Blocking new buys only.
Daily loss limit reached: initial=1276161 current=802487 adjusted_current=802487 external_cash_flow=0 loss_percent=37.12% limit=10.00%. Blocking new buys only.
Daily loss limit reached: initial=1276161 current=802437 adjusted_current=802437 external_cash_flow=0 loss_percent=37.12% limit=10.00%. Blocking new buys only.
Daily loss limit reached: initial=1276161 current=803087 adjusted_current=803087 external_cash_flow=0 loss_percent=37.07% limit=10.00%. Blocking new buys only.
Daily loss limit reached: initial=1276161 current=802987 adjusted_current=802987 external_cash_flow=0 loss_percent=37.08% limit=10.00%. Blocking new buys only.
Daily loss limit reached: initial=1276161 current=803587 adjusted_current=803587 external_cash_flow=0 loss_percent=37.03% limit=10.00%. Blocking new buys only.
Daily loss limit reached: initial=1276161 current=804087 adjusted_current=804087 external_cash_flow=0 loss_percent=36.99% limit=10.00%. Blocking new buys only.
Daily loss limit reached: initial=1276161 current=804287 adjusted_current=804287 external_cash_flow=0 loss_percent=36.98% limit=10.00%. Blocking new buys only.
Daily loss limit reached: initial=1276161 current=804437 adjusted_current=804437 external_cash_flow=0 loss_percent=36.96% limit=10.00%. Blocking new buys only.
Daily loss limit reached: initial=1276161 current=409000 adjusted_current=409000 external_cash_flow=0 loss_percent=67.95% limit=10.00%. Blocking new buys only.
Daily loss limit reached: initial=1276161 current=804287 adjusted_current=804287 external_cash_flow=0 loss_percent=36.98% limit=10.00%. Blocking new buys only.
Daily loss limit reached: initial=1276161 current=804137 adjusted_current=804137 external_cash_flow=0 loss_percent=36.99% limit=10.00%. Blocking new buys only.
Daily loss limit reached: initial=1276161 current=803837 adjusted_current=803837 external_cash_flow=0 loss_percent=37.01% limit=10.00%. Blocking new buys only.
Daily loss limit reached: initial=1276161 current=803537 adjusted_current=803537 external_cash_flow=0 loss_percent=37.03% limit=10.00%. Blocking new buys only.
Daily loss limit reached: initial=1276161 current=803837 adjusted_current=803837 external_cash_flow=0 loss_percent=37.01% limit=10.00%. Blocking new buys only.
Submitting force sell at current price for 009420: quantity=2 current_price=49400
Submitting force sell at current price for 175330: quantity=2 current_price=25050
Submitting force sell at current price for 181710: quantity=3 current_price=39850
Submitting force sell at current price for 192080: quantity=2 current_price=69700
FILL SELL 192080 qty=2 price=69700 filled_at=2026-06-10T15:01:04 source=poll order_id=0494505
FILL SELL 181710 qty=3 price=39850 filled_at=2026-06-10T15:00:53 source=poll order_id=0494340
FILL SELL 175330 qty=2 price=25050 filled_at=2026-06-10T15:00:42 source=poll order_id=0494152
FILL SELL 009420 qty=2 price=49400 filled_at=2026-06-10T15:00:31 source=poll order_id=0493937
FILL SELL 175330 qty=2 price=25600 filled_at=2026-06-10T15:01:46.353417 source=sell_reconciliation order_id=0321902
FILL SELL 009420 qty=2 price=50400 filled_at=2026-06-10T15:01:48.990063 source=sell_reconciliation order_id=0307172
FILL SELL 181710 qty=3 price=41150 filled_at=2026-06-10T15:01:51.597791 source=sell_reconciliation order_id=0286309
FILL SELL 192080 qty=2 price=72400 filled_at=2026-06-10T15:01:54.348930 source=sell_reconciliation order_id=0240970
Force sell completed. Waiting for end-of-day reconciliation.
FILL SELL 028670 qty=14 price=5080 filled_at=2026-06-10T09:49:54 source=eod_reconciliation order_id=0204681
FILL SELL 161390 qty=3 price=71300 filled_at=2026-06-10T10:51:41 source=eod_reconciliation order_id=0282777
FILL SELL 005940 qty=2 price=30900 filled_at=2026-06-10T11:08:18 source=eod_reconciliation order_id=0298606
FILL BUY 009420 qty=2 price=50200 filled_at=2026-06-10T11:16:38 source=eod_reconciliation order_id=0306587
FILL BUY 005090 qty=2 price=51600 filled_at=2026-06-10T11:20:50 source=eod_reconciliation order_id=0310471
FILL SELL 005090 qty=2 price=51900 filled_at=2026-06-10T11:21:21 source=eod_reconciliation order_id=0310963
FILL BUY 092200 qty=6 price=9420 filled_at=2026-06-10T11:24:59 source=eod_reconciliation order_id=0314002
FILL SELL 092200 qty=6 price=9450 filled_at=2026-06-10T11:25:31 source=eod_reconciliation order_id=0314448
FILL BUY 175330 qty=2 price=25500 filled_at=2026-06-10T11:32:47 source=eod_reconciliation order_id=0321546
FILL BUY 092200 qty=4 price=9430 filled_at=2026-06-10T11:37:02 source=eod_reconciliation order_id=0324452
FILL SELL 092200 qty=4 price=9460 filled_at=2026-06-10T11:37:34 source=eod_reconciliation order_id=0324813
FILL BUY 005940 qty=1 price=30800 filled_at=2026-06-10T11:41:17 source=eod_reconciliation order_id=0327938
FILL SELL 005940 qty=1 price=30900 filled_at=2026-06-10T11:41:49 source=eod_reconciliation order_id=0328311
FILL BUY 004990 qty=2 price=25600 filled_at=2026-06-10T11:45:35 source=eod_reconciliation order_id=0331154
FILL SELL 004990 qty=2 price=25750 filled_at=2026-06-10T11:46:07 source=eod_reconciliation order_id=0331600
FILL BUY 085620 qty=5 price=21950 filled_at=2026-06-10T11:49:50 source=eod_reconciliation order_id=0334231
FILL SELL 085620 qty=5 price=22100 filled_at=2026-06-10T11:50:23 source=eod_reconciliation order_id=0334709
FILL SELL 000430 qty=43 price=5210 filled_at=2026-06-10T14:46:10 source=eod_reconciliation order_id=0481177
FILL SELL 018260 qty=1 price=219000 filled_at=2026-06-10T14:46:55 source=eod_reconciliation order_id=0481789
FILL SELL 035420 qty=1 price=222500 filled_at=2026-06-10T14:47:35 source=eod_reconciliation order_id=0482396
FILL SELL 281820 qty=1 price=63300 filled_at=2026-06-10T14:48:10 source=eod_reconciliation order_id=0482916
FILL SELL 009420 qty=2 price=49400 filled_at=2026-06-10T15:00:31 source=eod_reconciliation order_id=0493937
FILL SELL 175330 qty=2 price=25050 filled_at=2026-06-10T15:00:42 source=eod_reconciliation order_id=0494152
FILL SELL 181710 qty=3 price=39850 filled_at=2026-06-10T15:00:53 source=eod_reconciliation order_id=0494340
FILL SELL 192080 qty=2 price=69700 filled_at=2026-06-10T15:01:04 source=eod_reconciliation order_id=0494505
End-of-day reconciliation completed: broker_fills=69 updated=25
