Initial account value estimate: 1000000
Universe warm-up completed. prev_close_count=245 session_capital_basis=1000000 session_slot_count=3 slot_budget_per_stock=333333 position_limit=3
FILL BUY 009970 qty=1 price=170900 filled_at=2026-06-30T09:31:10 source=wait_buy_filled order_id=0145633
Submitting limit sell for 009970: target_price=173000 stop_loss_price=0 decision_fill_price=170900 raw_fill={'rows': [{'ord_no': '0145633', 'stk_nm': '영원무역홀딩스', 'io_tp_nm': '+매수', 'ord_pric': '170900', 'ord_qty': '1', 'cntr_pric': '170900', 'cntr_qty': '1', 'oso_qty': '0', 'tdy_trde_cmsn': '20', 'tdy_trde_tax': '0', 'ord_stt': '체결', 'trde_tp': '보통', 'orig_ord_no': '0000000', 'ord_tm': '093110', 'stk_cd': '009970', 'stex_tp': '1', 'stex_tp_txt': 'KRX', 'sor_yn': 'N', 'stop_pric': '0'}], 'latest_row': {'ord_no': '0145633', 'stk_nm': '영원무역홀딩스', 'io_tp_nm': '+매수', 'ord_pric': '170900', 'ord_qty': '1', 'cntr_pric': '170900', 'cntr_qty': '1', 'oso_qty': '0', 'tdy_trde_cmsn': '20', 'tdy_trde_tax': '0', 'ord_stt': '체결', 'trde_tp': '보통', 'orig_ord_no': '0000000', 'ord_tm': '093110', 'stk_cd': '009970', 'stex_tp': '1', 'stex_tp_txt': 'KRX', 'sor_yn': 'N', 'stop_pric': '0'}}
FILL BUY 006110 qty=7 price=42000 filled_at=2026-06-30T09:31:22 source=wait_buy_filled order_id=0146007
Submitting limit sell for 006110: target_price=42550 stop_loss_price=0 decision_fill_price=42000 raw_fill={'rows': [{'ord_no': '0146007', 'stk_nm': '삼아알미늄', 'io_tp_nm': '+매수', 'ord_pric': '42050', 'ord_qty': '7', 'cntr_pric': '42000', 'cntr_qty': '7', 'oso_qty': '0', 'tdy_trde_cmsn': '40', 'tdy_trde_tax': '0', 'ord_stt': '체결', 'trde_tp': '보통', 'orig_ord_no': '0000000', 'ord_tm': '093122', 'stk_cd': '006110', 'stex_tp': '1', 'stex_tp_txt': 'KRX', 'sor_yn': 'N', 'stop_pric': '0'}], 'latest_row': {'ord_no': '0146007', 'stk_nm': '삼아알미늄', 'io_tp_nm': '+매수', 'ord_pric': '42050', 'ord_qty': '7', 'cntr_pric': '42000', 'cntr_qty': '7', 'oso_qty': '0', 'tdy_trde_cmsn': '40', 'tdy_trde_tax': '0', 'ord_stt': '체결', 'trde_tp': '보통', 'orig_ord_no': '0000000', 'ord_tm': '093122', 'stk_cd': '006110', 'stex_tp': '1', 'stex_tp_txt': 'KRX', 'sor_yn': 'N', 'stop_pric': '0'}}
FILL BUY 180640 qty=2 price=114200 filled_at=2026-06-30T09:31:34 source=wait_buy_filled order_id=0146415
Submitting limit sell for 180640: target_price=116000 stop_loss_price=0 decision_fill_price=114200 raw_fill={'rows': [{'ord_no': '0146415', 'stk_nm': '한진칼', 'io_tp_nm': '+매수', 'ord_pric': '114800', 'ord_qty': '2', 'cntr_pric': '114200', 'cntr_qty': '2', 'oso_qty': '0', 'tdy_trde_cmsn': '30', 'tdy_trde_tax': '0', 'ord_stt': '체결', 'trde_tp': '보통', 'orig_ord_no': '0000000', 'ord_tm': '093134', 'stk_cd': '180640', 'stex_tp': '1', 'stex_tp_txt': 'KRX', 'sor_yn': 'N', 'stop_pric': '0'}], 'latest_row': {'ord_no': '0146415', 'stk_nm': '한진칼', 'io_tp_nm': '+매수', 'ord_pric': '114800', 'ord_qty': '2', 'cntr_pric': '114200', 'cntr_qty': '2', 'oso_qty': '0', 'tdy_trde_cmsn': '30', 'tdy_trde_tax': '0', 'ord_stt': '체결', 'trde_tp': '보통', 'orig_ord_no': '0000000', 'ord_tm': '093134', 'stk_cd': '180640', 'stex_tp': '1', 'stex_tp_txt': 'KRX', 'sor_yn': 'N', 'stop_pric': '0'}}
FILL SELL 180640 qty=2 price=116000 filled_at=2026-06-30T09:31:34 source=poll order_id=0146422
Stop-loss triggered from account snapshot fallback: 009970 avg=170900 loss_percent=-4.60 limit_price=163400
FILL SELL 009970 qty=1 price=163400 filled_at=2026-06-30T14:05:29 source=stop_loss order_id=0375691
Submitting market force sell for 006110: quantity=7
FILL SELL 006110 qty=7 price=41850 filled_at=2026-06-30T15:00:12 source=force_sell order_id=0411260
Force sell completed. Waiting for end-of-day reconciliation.
FILL BUY 009970 qty=1 price=170900 filled_at=2026-06-30T09:31:10 source=eod_reconciliation order_id=0145633
FILL BUY 006110 qty=7 price=42000 filled_at=2026-06-30T09:31:22 source=eod_reconciliation order_id=0146007
FILL BUY 180640 qty=2 price=114200 filled_at=2026-06-30T09:31:34 source=eod_reconciliation order_id=0146415
FILL SELL 180640 qty=2 price=116000 filled_at=2026-06-30T09:31:34 source=eod_reconciliation order_id=0146422
FILL SELL 009970 qty=1 price=163400 filled_at=2026-06-30T14:05:29 source=eod_reconciliation order_id=0375691
FILL SELL 006110 qty=7 price=41850 filled_at=2026-06-30T15:00:12 source=eod_reconciliation order_id=0411260
End-of-day reconciliation completed: broker_fills=6 updated=6
