Initial account value estimate: 915582
Universe warm-up completed. session_capital_basis=915582 session_slot_count=3 slot_budget_per_stock=305194 position_limit=3
FILL BUY 005090 qty=5 price=55800 filled_at=2026-06-15T09:34:51 source=wait_buy_filled order_id=0208326
Submitting limit sell for 005090: target_price=56100 decision_fill_price=55800 raw_fill={'rows': [{'ord_no': '0208326', 'stk_nm': 'SGC에너지', 'io_tp_nm': '+매수', 'ord_pric': '55800', 'ord_qty': '5', 'cntr_pric': '55800', 'cntr_qty': '5', 'oso_qty': '0', 'tdy_trde_cmsn': '40', 'tdy_trde_tax': '0', 'ord_stt': '체결', 'trde_tp': '보통', 'orig_ord_no': '0000000', 'ord_tm': '093451', 'stk_cd': '005090', 'stex_tp': '1', 'stex_tp_txt': 'KRX', 'sor_yn': 'N', 'stop_pric': '0'}], 'latest_row': {'ord_no': '0208326', 'stk_nm': 'SGC에너지', 'io_tp_nm': '+매수', 'ord_pric': '55800', 'ord_qty': '5', 'cntr_pric': '55800', 'cntr_qty': '5', 'oso_qty': '0', 'tdy_trde_cmsn': '40', 'tdy_trde_tax': '0', 'ord_stt': '체결', 'trde_tp': '보통', 'orig_ord_no': '0000000', 'ord_tm': '093451', 'stk_cd': '005090', 'stex_tp': '1', 'stex_tp_txt': 'KRX', 'sor_yn': 'N', 'stop_pric': '0'}}
FILL BUY 001120 qty=7 price=40000 filled_at=2026-06-15T09:35:02 source=wait_buy_filled order_id=0208820
Submitting limit sell for 001120: target_price=40150 decision_fill_price=40000 raw_fill={'rows': [{'ord_no': '0208820', 'stk_nm': 'LX인터내셔널', 'io_tp_nm': '+매수', 'ord_pric': '40000', 'ord_qty': '7', 'cntr_pric': '40000', 'cntr_qty': '7', 'oso_qty': '0', 'tdy_trde_cmsn': '40', 'tdy_trde_tax': '0', 'ord_stt': '체결', 'trde_tp': '보통', 'orig_ord_no': '0000000', 'ord_tm': '093502', 'stk_cd': '001120', 'stex_tp': '1', 'stex_tp_txt': 'KRX', 'sor_yn': 'N', 'stop_pric': '0'}], 'latest_row': {'ord_no': '0208820', 'stk_nm': 'LX인터내셔널', 'io_tp_nm': '+매수', 'ord_pric': '40000', 'ord_qty': '7', 'cntr_pric': '40000', 'cntr_qty': '7', 'oso_qty': '0', 'tdy_trde_cmsn': '40', 'tdy_trde_tax': '0', 'ord_stt': '체결', 'trde_tp': '보통', 'orig_ord_no': '0000000', 'ord_tm': '093502', 'stk_cd': '001120', 'stex_tp': '1', 'stex_tp_txt': 'KRX', 'sor_yn': 'N', 'stop_pric': '0'}}
FILL BUY 120110 qty=4 price=75100 filled_at=2026-06-15T09:42:50 source=wait_buy_filled order_id=0225920
Submitting limit sell for 120110: target_price=75700 decision_fill_price=75100 raw_fill={'rows': [{'ord_no': '0225920', 'stk_nm': '코오롱인더', 'io_tp_nm': '+매수', 'ord_pric': '75100', 'ord_qty': '4', 'cntr_pric': '75100', 'cntr_qty': '4', 'oso_qty': '0', 'tdy_trde_cmsn': '40', 'tdy_trde_tax': '0', 'ord_stt': '체결', 'trde_tp': '보통', 'orig_ord_no': '0000000', 'ord_tm': '094250', 'stk_cd': '120110', 'stex_tp': '1', 'stex_tp_txt': 'KRX', 'sor_yn': 'N', 'stop_pric': '0'}], 'latest_row': {'ord_no': '0225920', 'stk_nm': '코오롱인더', 'io_tp_nm': '+매수', 'ord_pric': '75100', 'ord_qty': '4', 'cntr_pric': '75100', 'cntr_qty': '4', 'oso_qty': '0', 'tdy_trde_cmsn': '40', 'tdy_trde_tax': '0', 'ord_stt': '체결', 'trde_tp': '보통', 'orig_ord_no': '0000000', 'ord_tm': '094250', 'stk_cd': '120110', 'stex_tp': '1', 'stex_tp_txt': 'KRX', 'sor_yn': 'N', 'stop_pric': '0'}}
FILL SELL 001120 qty=7 price=40150 filled_at=2026-06-15T09:35:11 source=poll order_id=0209194
FILL BUY 499790 qty=2 price=48950 filled_at=2026-06-15T09:53:28 source=partial_after_cancel order_id=0244592
Partial fill recovered after cancel for 499790: 2 shares at fill_price=48950. raw_fill={'rows': [{'ord_no': '0244592', 'stk_nm': 'GS피앤엘', 'io_tp_nm': '+매수', 'ord_pric': '48950', 'ord_qty': '6', 'cntr_pric': '48950', 'cntr_qty': '2', 'oso_qty': '4', 'tdy_trde_cmsn': '10', 'tdy_trde_tax': '0', 'ord_stt': '체결', 'trde_tp': '보통', 'orig_ord_no': '0000000', 'ord_tm': '095328', 'stk_cd': '499790', 'stex_tp': '1', 'stex_tp_txt': 'KRX', 'sor_yn': 'N', 'stop_pric': '0'}], 'latest_row': {'ord_no': '0244592', 'stk_nm': 'GS피앤엘', 'io_tp_nm': '+매수', 'ord_pric': '48950', 'ord_qty': '6', 'cntr_pric': '48950', 'cntr_qty': '2', 'oso_qty': '4', 'tdy_trde_cmsn': '10', 'tdy_trde_tax': '0', 'ord_stt': '체결', 'trde_tp': '보통', 'orig_ord_no': '0000000', 'ord_tm': '095328', 'stk_cd': '499790', 'stex_tp': '1', 'stex_tp_txt': 'KRX', 'sor_yn': 'N', 'stop_pric': '0'}}.
Submitting limit sell for 499790: target_price=49250 decision_fill_price=48950 raw_fill={'rows': [{'ord_no': '0244592', 'stk_nm': 'GS피앤엘', 'io_tp_nm': '+매수', 'ord_pric': '48950', 'ord_qty': '6', 'cntr_pric': '48950', 'cntr_qty': '2', 'oso_qty': '4', 'tdy_trde_cmsn': '10', 'tdy_trde_tax': '0', 'ord_stt': '체결', 'trde_tp': '보통', 'orig_ord_no': '0000000', 'ord_tm': '095328', 'stk_cd': '499790', 'stex_tp': '1', 'stex_tp_txt': 'KRX', 'sor_yn': 'N', 'stop_pric': '0'}], 'latest_row': {'ord_no': '0244592', 'stk_nm': 'GS피앤엘', 'io_tp_nm': '+매수', 'ord_pric': '48950', 'ord_qty': '6', 'cntr_pric': '48950', 'cntr_qty': '2', 'oso_qty': '4', 'tdy_trde_cmsn': '10', 'tdy_trde_tax': '0', 'ord_stt': '체결', 'trde_tp': '보통', 'orig_ord_no': '0000000', 'ord_tm': '095328', 'stk_cd': '499790', 'stex_tp': '1', 'stex_tp_txt': 'KRX', 'sor_yn': 'N', 'stop_pric': '0'}}
FILL SELL 499790 qty=1 price=49250 filled_at=2026-06-15T09:54:00 source=poll order_id=0245474
FILL SELL 499790 qty=1 price=49250 filled_at=2026-06-15T09:54:00 source=poll order_id=0245474
FILL BUY 499790 qty=4 price=48950 filled_at=2026-06-15T09:53:28 source=poll order_id=0244592
Stop-loss triggered from hoga snapshot: 005090 avg=55800 ref_price=53300 threshold=53568
FILL SELL 005090 qty=5 price=53300 filled_at=2026-06-15T10:51:55 source=stop_loss order_id=0325434
FILL BUY 005090 qty=5 price=53200 filled_at=2026-06-15T10:58:01 source=wait_buy_filled order_id=0332009
Submitting limit sell for 005090: target_price=53600 decision_fill_price=53200 raw_fill={'rows': [{'ord_no': '0332009', 'stk_nm': 'SGC에너지', 'io_tp_nm': '+매수', 'ord_pric': '53200', 'ord_qty': '5', 'cntr_pric': '53200', 'cntr_qty': '5', 'oso_qty': '0', 'tdy_trde_cmsn': '30', 'tdy_trde_tax': '0', 'ord_stt': '체결', 'trde_tp': '보통', 'orig_ord_no': '0000000', 'ord_tm': '105801', 'stk_cd': '005090', 'stex_tp': '1', 'stex_tp_txt': 'KRX', 'sor_yn': 'N', 'stop_pric': '0'}], 'latest_row': {'ord_no': '0332009', 'stk_nm': 'SGC에너지', 'io_tp_nm': '+매수', 'ord_pric': '53200', 'ord_qty': '5', 'cntr_pric': '53200', 'cntr_qty': '5', 'oso_qty': '0', 'tdy_trde_cmsn': '30', 'tdy_trde_tax': '0', 'ord_stt': '체결', 'trde_tp': '보통', 'orig_ord_no': '0000000', 'ord_tm': '105801', 'stk_cd': '005090', 'stex_tp': '1', 'stex_tp_txt': 'KRX', 'sor_yn': 'N', 'stop_pric': '0'}}
FILL SELL 005090 qty=5 price=53600 filled_at=2026-06-15T10:58:01 source=poll order_id=0332016
FILL BUY 181710 qty=7 price=39300 filled_at=2026-06-15T11:29:05 source=wait_buy_filled order_id=0364687
Submitting limit sell for 181710: target_price=39650 decision_fill_price=39300 raw_fill={'rows': [{'ord_no': '0364687', 'stk_nm': 'NHN', 'io_tp_nm': '+매수', 'ord_pric': '39300', 'ord_qty': '7', 'cntr_pric': '39300', 'cntr_qty': '7', 'oso_qty': '0', 'tdy_trde_cmsn': '40', 'tdy_trde_tax': '0', 'ord_stt': '체결', 'trde_tp': '보통', 'orig_ord_no': '0000000', 'ord_tm': '112905', 'stk_cd': '181710', 'stex_tp': '1', 'stex_tp_txt': 'KRX', 'sor_yn': 'N', 'stop_pric': '0'}], 'latest_row': {'ord_no': '0364687', 'stk_nm': 'NHN', 'io_tp_nm': '+매수', 'ord_pric': '39300', 'ord_qty': '7', 'cntr_pric': '39300', 'cntr_qty': '7', 'oso_qty': '0', 'tdy_trde_cmsn': '40', 'tdy_trde_tax': '0', 'ord_stt': '체결', 'trde_tp': '보통', 'orig_ord_no': '0000000', 'ord_tm': '112905', 'stk_cd': '181710', 'stex_tp': '1', 'stex_tp_txt': 'KRX', 'sor_yn': 'N', 'stop_pric': '0'}}
FILL BUY 352820 qty=1 price=218500 filled_at=2026-06-15T12:21:38 source=wait_buy_filled order_id=0404642
Submitting limit sell for 352820: target_price=220000 decision_fill_price=218500 raw_fill={'rows': [{'ord_no': '0404642', 'stk_nm': '하이브', 'io_tp_nm': '+매수', 'ord_pric': '218500', 'ord_qty': '1', 'cntr_pric': '218500', 'cntr_qty': '1', 'oso_qty': '0', 'tdy_trde_cmsn': '30', 'tdy_trde_tax': '0', 'ord_stt': '체결', 'trde_tp': '보통', 'orig_ord_no': '0000000', 'ord_tm': '122138', 'stk_cd': '352820', 'stex_tp': '1', 'stex_tp_txt': 'KRX', 'sor_yn': 'N', 'stop_pric': '0'}], 'latest_row': {'ord_no': '0404642', 'stk_nm': '하이브', 'io_tp_nm': '+매수', 'ord_pric': '218500', 'ord_qty': '1', 'cntr_pric': '218500', 'cntr_qty': '1', 'oso_qty': '0', 'tdy_trde_cmsn': '30', 'tdy_trde_tax': '0', 'ord_stt': '체결', 'trde_tp': '보통', 'orig_ord_no': '0000000', 'ord_tm': '122138', 'stk_cd': '352820', 'stex_tp': '1', 'stex_tp_txt': 'KRX', 'sor_yn': 'N', 'stop_pric': '0'}}
Stop-loss triggered from account snapshot: 120110 avg=75100 loss_percent=-4.08
FILL SELL 120110 qty=4 price=72100 filled_at=2026-06-15T14:39:15 source=stop_loss order_id=0513831
Submitting force sell at current price for 181710: quantity=7 current_price=38600
FILL SELL 181710 qty=7 price=38600 filled_at=2026-06-15T15:00:17 source=force_sell_safety_poll order_id=0535337
Submitting force sell at current price for 352820: quantity=1 current_price=217500
Force sell completed. Waiting for end-of-day reconciliation.
FILL BUY 005090 qty=5 price=55800 filled_at=2026-06-15T09:34:51 source=eod_reconciliation order_id=0208326
FILL BUY 001120 qty=7 price=40000 filled_at=2026-06-15T09:35:02 source=eod_reconciliation order_id=0208820
FILL SELL 001120 qty=7 price=40150 filled_at=2026-06-15T09:35:11 source=eod_reconciliation order_id=0209194
FILL BUY 120110 qty=4 price=75100 filled_at=2026-06-15T09:42:50 source=eod_reconciliation order_id=0225920
FILL BUY 499790 qty=6 price=48950 filled_at=2026-06-15T09:53:28 source=eod_reconciliation order_id=0244592
FILL SELL 499790 qty=2 price=49250 filled_at=2026-06-15T09:54:00 source=eod_reconciliation order_id=0245474
FILL SELL 005090 qty=5 price=53300 filled_at=2026-06-15T10:51:55 source=eod_reconciliation order_id=0325434
FILL BUY 005090 qty=5 price=53200 filled_at=2026-06-15T10:58:01 source=eod_reconciliation order_id=0332009
FILL SELL 005090 qty=5 price=53600 filled_at=2026-06-15T10:58:01 source=eod_reconciliation order_id=0332016
FILL BUY 181710 qty=7 price=39300 filled_at=2026-06-15T11:29:05 source=eod_reconciliation order_id=0364687
FILL SELL 499790 qty=4 price=47600 filled_at=2026-06-15T11:52:05 source=eod_reconciliation order_id=0382994
FILL BUY 352820 qty=1 price=218500 filled_at=2026-06-15T12:21:38 source=eod_reconciliation order_id=0404642
FILL SELL 120110 qty=4 price=72100 filled_at=2026-06-15T14:39:15 source=eod_reconciliation order_id=0513831
FILL SELL 181710 qty=7 price=38600 filled_at=2026-06-15T15:00:17 source=eod_reconciliation order_id=0535337
FILL SELL 352820 qty=1 price=217500 filled_at=2026-06-15T15:00:23 source=eod_reconciliation order_id=0535447
End-of-day reconciliation completed: broker_fills=15 updated=15
