Initial account value estimate: 1151414
Universe warm-up completed. prev_close_count=258 session_capital_basis=1151414 session_slot_count=3 slot_budget_per_stock=383804 position_limit=3
FILL BUY 085620 qty=19 price=20100 filled_at=2026-06-29T09:31:10 source=wait_buy_filled order_id=0135437
Submitting limit sell for 085620: target_price=20300 stop_loss_price=0 decision_fill_price=20100 raw_fill={'rows': [{'ord_no': '0135437', 'stk_nm': '미래에셋생명', 'io_tp_nm': '+매수', 'ord_pric': '20100', 'ord_qty': '19', 'cntr_pric': '20100', 'cntr_qty': '19', 'oso_qty': '0', 'tdy_trde_cmsn': '50', 'tdy_trde_tax': '0', 'ord_stt': '체결', 'trde_tp': '보통', 'orig_ord_no': '0000000', 'ord_tm': '093110', 'stk_cd': '085620', 'stex_tp': '1', 'stex_tp_txt': 'KRX', 'sor_yn': 'N', 'stop_pric': '0'}], 'latest_row': {'ord_no': '0135437', 'stk_nm': '미래에셋생명', 'io_tp_nm': '+매수', 'ord_pric': '20100', 'ord_qty': '19', 'cntr_pric': '20100', 'cntr_qty': '19', 'oso_qty': '0', 'tdy_trde_cmsn': '50', 'tdy_trde_tax': '0', 'ord_stt': '체결', 'trde_tp': '보통', 'orig_ord_no': '0000000', 'ord_tm': '093110', 'stk_cd': '085620', 'stex_tp': '1', 'stex_tp_txt': 'KRX', 'sor_yn': 'N', 'stop_pric': '0'}}
FILL BUY 003030 qty=3 price=119000 filled_at=2026-06-29T09:31:22 source=wait_buy_filled order_id=0135920
Submitting limit sell for 003030: target_price=120000 stop_loss_price=0 decision_fill_price=119000 raw_fill={'rows': [{'ord_no': '0135920', 'stk_nm': '세아제강지주', 'io_tp_nm': '+매수', 'ord_pric': '119100', 'ord_qty': '3', 'cntr_pric': '119000', 'cntr_qty': '3', 'oso_qty': '0', 'tdy_trde_cmsn': '50', 'tdy_trde_tax': '0', 'ord_stt': '체결', 'trde_tp': '보통', 'orig_ord_no': '0000000', 'ord_tm': '093122', 'stk_cd': '003030', 'stex_tp': '1', 'stex_tp_txt': 'KRX', 'sor_yn': 'N', 'stop_pric': '0'}], 'latest_row': {'ord_no': '0135920', 'stk_nm': '세아제강지주', 'io_tp_nm': '+매수', 'ord_pric': '119100', 'ord_qty': '3', 'cntr_pric': '119000', 'cntr_qty': '3', 'oso_qty': '0', 'tdy_trde_cmsn': '50', 'tdy_trde_tax': '0', 'ord_stt': '체결', 'trde_tp': '보통', 'orig_ord_no': '0000000', 'ord_tm': '093122', 'stk_cd': '003030', 'stex_tp': '1', 'stex_tp_txt': 'KRX', 'sor_yn': 'N', 'stop_pric': '0'}}
FILL BUY 005389 qty=1 price=200000 filled_at=2026-06-29T09:31:34 source=wait_buy_filled order_id=0136326
Submitting limit sell for 005389: target_price=201500 stop_loss_price=0 decision_fill_price=200000 raw_fill={'rows': [{'ord_no': '0136326', 'stk_nm': '현대차3우B', 'io_tp_nm': '+매수', 'ord_pric': '200000', 'ord_qty': '1', 'cntr_pric': '200000', 'cntr_qty': '1', 'oso_qty': '0', 'tdy_trde_cmsn': '30', 'tdy_trde_tax': '0', 'ord_stt': '체결', 'trde_tp': '보통', 'orig_ord_no': '0000000', 'ord_tm': '093134', 'stk_cd': '005389', 'stex_tp': '1', 'stex_tp_txt': 'KRX', 'sor_yn': 'N', 'stop_pric': '0'}], 'latest_row': {'ord_no': '0136326', 'stk_nm': '현대차3우B', 'io_tp_nm': '+매수', 'ord_pric': '200000', 'ord_qty': '1', 'cntr_pric': '200000', 'cntr_qty': '1', 'oso_qty': '0', 'tdy_trde_cmsn': '30', 'tdy_trde_tax': '0', 'ord_stt': '체결', 'trde_tp': '보통', 'orig_ord_no': '0000000', 'ord_tm': '093134', 'stk_cd': '005389', 'stex_tp': '1', 'stex_tp_txt': 'KRX', 'sor_yn': 'N', 'stop_pric': '0'}}
FILL SELL 085620 qty=19 price=20300 filled_at=2026-06-29T09:31:11 source=poll order_id=0135448
FILL SELL 003030 qty=3 price=120000 filled_at=2026-06-29T09:31:23 source=poll order_id=0135933
FILL SELL 005389 qty=1 price=201500 filled_at=2026-06-29T09:31:34 source=poll order_id=0136342
Planned 2 affordable targets out of desired 3 due to cash constraints.
FILL BUY 02826K qty=1 price=274500 filled_at=2026-06-29T09:43:13 source=wait_buy_filled order_id=0160689
Submitting limit sell for 02826K: target_price=279000 stop_loss_price=0 decision_fill_price=274500 raw_fill={'rows': [{'ord_no': '0160689', 'stk_nm': '삼성물산우B', 'io_tp_nm': '+매수', 'ord_pric': '274500', 'ord_qty': '1', 'cntr_pric': '274500', 'cntr_qty': '1', 'oso_qty': '0', 'tdy_trde_cmsn': '40', 'tdy_trde_tax': '0', 'ord_stt': '체결', 'trde_tp': '보통', 'orig_ord_no': '0000000', 'ord_tm': '094313', 'stk_cd': '02826K', 'stex_tp': '1', 'stex_tp_txt': 'KRX', 'sor_yn': 'N', 'stop_pric': '0'}], 'latest_row': {'ord_no': '0160689', 'stk_nm': '삼성물산우B', 'io_tp_nm': '+매수', 'ord_pric': '274500', 'ord_qty': '1', 'cntr_pric': '274500', 'cntr_qty': '1', 'oso_qty': '0', 'tdy_trde_cmsn': '40', 'tdy_trde_tax': '0', 'ord_stt': '체결', 'trde_tp': '보통', 'orig_ord_no': '0000000', 'ord_tm': '094313', 'stk_cd': '02826K', 'stex_tp': '1', 'stex_tp_txt': 'KRX', 'sor_yn': 'N', 'stop_pric': '0'}}
FILL BUY 006110 qty=9 price=39850 filled_at=2026-06-29T09:43:24 source=wait_buy_filled order_id=0161053
Submitting limit sell for 006110: target_price=40350 stop_loss_price=0 decision_fill_price=39850 raw_fill={'rows': [{'ord_no': '0161053', 'stk_nm': '삼아알미늄', 'io_tp_nm': '+매수', 'ord_pric': '39900', 'ord_qty': '9', 'cntr_pric': '39850', 'cntr_qty': '9', 'oso_qty': '0', 'tdy_trde_cmsn': '50', 'tdy_trde_tax': '0', 'ord_stt': '체결', 'trde_tp': '보통', 'orig_ord_no': '0000000', 'ord_tm': '094324', 'stk_cd': '006110', 'stex_tp': '1', 'stex_tp_txt': 'KRX', 'sor_yn': 'N', 'stop_pric': '0'}], 'latest_row': {'ord_no': '0161053', 'stk_nm': '삼아알미늄', 'io_tp_nm': '+매수', 'ord_pric': '39900', 'ord_qty': '9', 'cntr_pric': '39850', 'cntr_qty': '9', 'oso_qty': '0', 'tdy_trde_cmsn': '50', 'tdy_trde_tax': '0', 'ord_stt': '체결', 'trde_tp': '보통', 'orig_ord_no': '0000000', 'ord_tm': '094324', 'stk_cd': '006110', 'stex_tp': '1', 'stex_tp_txt': 'KRX', 'sor_yn': 'N', 'stop_pric': '0'}}
FILL SELL 006110 qty=9 price=40350 filled_at=2026-06-29T09:43:25 source=poll order_id=0161063
Retry fill lookup failed for order_id=0292154 ticker=204320: ('Connection aborted.', ConnectionResetError(10054, '현재 연결은 원격 호스트에 의해 강제로 끊겼습니다', None, 10054, None))
FILL SELL 02826K qty=1 price=279000 filled_at=2026-06-29T09:43:13 source=poll order_id=0160699
Force sell completed. Waiting for end-of-day reconciliation.
FILL BUY 085620 qty=19 price=20100 filled_at=2026-06-29T09:31:10 source=eod_reconciliation order_id=0135437
FILL SELL 085620 qty=19 price=20300 filled_at=2026-06-29T09:31:11 source=eod_reconciliation order_id=0135448
FILL BUY 003030 qty=3 price=119000 filled_at=2026-06-29T09:31:22 source=eod_reconciliation order_id=0135920
FILL SELL 003030 qty=3 price=120000 filled_at=2026-06-29T09:31:23 source=eod_reconciliation order_id=0135933
FILL BUY 005389 qty=1 price=200000 filled_at=2026-06-29T09:31:34 source=eod_reconciliation order_id=0136326
FILL SELL 005389 qty=1 price=201500 filled_at=2026-06-29T09:31:34 source=eod_reconciliation order_id=0136342
FILL BUY 02826K qty=1 price=274500 filled_at=2026-06-29T09:43:13 source=eod_reconciliation order_id=0160689
FILL SELL 02826K qty=1 price=279000 filled_at=2026-06-29T09:43:13 source=eod_reconciliation order_id=0160699
FILL BUY 006110 qty=9 price=39850 filled_at=2026-06-29T09:43:24 source=eod_reconciliation order_id=0161053
FILL SELL 006110 qty=9 price=40350 filled_at=2026-06-29T09:43:25 source=eod_reconciliation order_id=0161063
End-of-day reconciliation completed: broker_fills=10 updated=10
