ÔĽŅInitial account value estimate: 955992
Universe warm-up completed. prev_close_count=239 session_capital_basis=955992 session_slot_count=3 slot_budget_per_stock=318664 position_limit=3
Startup carryover liquidation completed. Proceeding with normal session flow.
FILL BUY 005850 qty=5 price=55600 filled_at=2026-07-09T09:31:30 source=wait_buy_filled order_id=0116403
Submitting limit sell for 005850: target_price=56500 stop_loss_price=0 decision_fill_price=55600 raw_fill={'rows': [{'ord_no': '0116403', 'stk_nm': 'žóźžä§žóė', 'io_tp_nm': '+Žß§žąė', 'ord_pric': '55700', 'ord_qty': '5', 'cntr_pric': '55600', 'cntr_qty': '5', 'oso_qty': '0', 'tdy_trde_cmsn': '40', 'tdy_trde_tax': '0', 'ord_stt': 'ž≤īÍ≤į', 'trde_tp': 'Ž≥īŪÜĶ', 'orig_ord_no': '0000000', 'ord_tm': '093130', 'stk_cd': '005850', 'stex_tp': '1', 'stex_tp_txt': 'KRX', 'sor_yn': 'N', 'stop_pric': '0'}], 'latest_row': {'ord_no': '0116403', 'stk_nm': 'žóźžä§žóė', 'io_tp_nm': '+Žß§žąė', 'ord_pric': '55700', 'ord_qty': '5', 'cntr_pric': '55600', 'cntr_qty': '5', 'oso_qty': '0', 'tdy_trde_cmsn': '40', 'tdy_trde_tax': '0', 'ord_stt': 'ž≤īÍ≤į', 'trde_tp': 'Ž≥īŪÜĶ', 'orig_ord_no': '0000000', 'ord_tm': '093130', 'stk_cd': '005850', 'stex_tp': '1', 'stex_tp_txt': 'KRX', 'sor_yn': 'N', 'stop_pric': '0'}}
FILL BUY 014680 qty=1 price=238000 filled_at=2026-07-09T09:31:42 source=wait_buy_filled order_id=0116715
Submitting limit sell for 014680: target_price=241500 stop_loss_price=0 decision_fill_price=238000 raw_fill={'rows': [{'ord_no': '0116715', 'stk_nm': 'ŪēúžÜĒžľÄŽĮłžĻľ', 'io_tp_nm': '+Žß§žąė', 'ord_pric': '238500', 'ord_qty': '1', 'cntr_pric': '238000', 'cntr_qty': '1', 'oso_qty': '0', 'tdy_trde_cmsn': '30', 'tdy_trde_tax': '0', 'ord_stt': 'ž≤īÍ≤į', 'trde_tp': 'Ž≥īŪÜĶ', 'orig_ord_no': '0000000', 'ord_tm': '093142', 'stk_cd': '014680', 'stex_tp': '1', 'stex_tp_txt': 'KRX', 'sor_yn': 'N', 'stop_pric': '0'}], 'latest_row': {'ord_no': '0116715', 'stk_nm': 'ŪēúžÜĒžľÄŽĮłžĻľ', 'io_tp_nm': '+Žß§žąė', 'ord_pric': '238500', 'ord_qty': '1', 'cntr_pric': '238000', 'cntr_qty': '1', 'oso_qty': '0', 'tdy_trde_cmsn': '30', 'tdy_trde_tax': '0', 'ord_stt': 'ž≤īÍ≤į', 'trde_tp': 'Ž≥īŪÜĶ', 'orig_ord_no': '0000000', 'ord_tm': '093142', 'stk_cd': '014680', 'stex_tp': '1', 'stex_tp_txt': 'KRX', 'sor_yn': 'N', 'stop_pric': '0'}}
FILL BUY 009970 qty=1 price=185300 filled_at=2026-07-09T09:31:53 source=wait_buy_filled order_id=0117015
Submitting limit sell for 009970: target_price=187000 stop_loss_price=0 decision_fill_price=185300 raw_fill={'rows': [{'ord_no': '0117015', 'stk_nm': 'žėĀžõźŽ¨īžó≠ŪôÄŽĒ©žä§', 'io_tp_nm': '+Žß§žąė', 'ord_pric': '185300', 'ord_qty': '1', 'cntr_pric': '185300', 'cntr_qty': '1', 'oso_qty': '0', 'tdy_trde_cmsn': '20', 'tdy_trde_tax': '0', 'ord_stt': 'ž≤īÍ≤į', 'trde_tp': 'Ž≥īŪÜĶ', 'orig_ord_no': '0000000', 'ord_tm': '093153', 'stk_cd': '009970', 'stex_tp': '1', 'stex_tp_txt': 'KRX', 'sor_yn': 'N', 'stop_pric': '0'}], 'latest_row': {'ord_no': '0117015', 'stk_nm': 'žėĀžõźŽ¨īžó≠ŪôÄŽĒ©žä§', 'io_tp_nm': '+Žß§žąė', 'ord_pric': '185300', 'ord_qty': '1', 'cntr_pric': '185300', 'cntr_qty': '1', 'oso_qty': '0', 'tdy_trde_cmsn': '20', 'tdy_trde_tax': '0', 'ord_stt': 'ž≤īÍ≤į', 'trde_tp': 'Ž≥īŪÜĶ', 'orig_ord_no': '0000000', 'ord_tm': '093153', 'stk_cd': '009970', 'stex_tp': '1', 'stex_tp_txt': 'KRX', 'sor_yn': 'N', 'stop_pric': '0'}}
FILL SELL 014680 qty=1 price=241500 filled_at=2026-07-09T09:31:42 source=poll order_id=0116727
FILL BUY 499790 qty=7 price=40350 filled_at=2026-07-09T09:36:53 source=wait_buy_filled order_id=0125702
Submitting limit sell for 499790: target_price=40700 stop_loss_price=0 decision_fill_price=40350 raw_fill={'rows': [{'ord_no': '0125702', 'stk_nm': 'GSŪĒľžē§žóė', 'io_tp_nm': '+Žß§žąė', 'ord_pric': '40350', 'ord_qty': '7', 'cntr_pric': '40350', 'cntr_qty': '7', 'oso_qty': '0', 'tdy_trde_cmsn': '40', 'tdy_trde_tax': '0', 'ord_stt': 'ž≤īÍ≤į', 'trde_tp': 'Ž≥īŪÜĶ', 'orig_ord_no': '0000000', 'ord_tm': '093653', 'stk_cd': '499790', 'stex_tp': '1', 'stex_tp_txt': 'KRX', 'sor_yn': 'N', 'stop_pric': '0'}], 'latest_row': {'ord_no': '0125702', 'stk_nm': 'GSŪĒľžē§žóė', 'io_tp_nm': '+Žß§žąė', 'ord_pric': '40350', 'ord_qty': '7', 'cntr_pric': '40350', 'cntr_qty': '7', 'oso_qty': '0', 'tdy_trde_cmsn': '40', 'tdy_trde_tax': '0', 'ord_stt': 'ž≤īÍ≤į', 'trde_tp': 'Ž≥īŪÜĶ', 'orig_ord_no': '0000000', 'ord_tm': '093653', 'stk_cd': '499790', 'stex_tp': '1', 'stex_tp_txt': 'KRX', 'sor_yn': 'N', 'stop_pric': '0'}}
FILL SELL 499790 qty=7 price=40700 filled_at=2026-07-09T09:36:53 source=poll order_id=0125708
FILL BUY 014680 qty=1 price=240500 filled_at=2026-07-09T09:42:28 source=wait_buy_filled order_id=0133769
Submitting limit sell for 014680: target_price=242500 stop_loss_price=0 decision_fill_price=240500 raw_fill={'rows': [{'ord_no': '0133769', 'stk_nm': 'ŪēúžÜĒžľÄŽĮłžĻľ', 'io_tp_nm': '+Žß§žąė', 'ord_pric': '240500', 'ord_qty': '1', 'cntr_pric': '240500', 'cntr_qty': '1', 'oso_qty': '0', 'tdy_trde_cmsn': '30', 'tdy_trde_tax': '0', 'ord_stt': 'ž≤īÍ≤į', 'trde_tp': 'Ž≥īŪÜĶ', 'orig_ord_no': '0000000', 'ord_tm': '094228', 'stk_cd': '014680', 'stex_tp': '1', 'stex_tp_txt': 'KRX', 'sor_yn': 'N', 'stop_pric': '0'}], 'latest_row': {'ord_no': '0133769', 'stk_nm': 'ŪēúžÜĒžľÄŽĮłžĻľ', 'io_tp_nm': '+Žß§žąė', 'ord_pric': '240500', 'ord_qty': '1', 'cntr_pric': '240500', 'cntr_qty': '1', 'oso_qty': '0', 'tdy_trde_cmsn': '30', 'tdy_trde_tax': '0', 'ord_stt': 'ž≤īÍ≤į', 'trde_tp': 'Ž≥īŪÜĶ', 'orig_ord_no': '0000000', 'ord_tm': '094228', 'stk_cd': '014680', 'stex_tp': '1', 'stex_tp_txt': 'KRX', 'sor_yn': 'N', 'stop_pric': '0'}}
FILL SELL 014680 qty=1 price=242500 filled_at=2026-07-09T09:42:38 source=poll order_id=0134024
FILL BUY 014680 qty=1 price=242500 filled_at=2026-07-09T09:46:42 source=wait_buy_filled order_id=0139726
Submitting limit sell for 014680: target_price=244500 stop_loss_price=0 decision_fill_price=242500 raw_fill={'rows': [{'ord_no': '0139726', 'stk_nm': 'ŪēúžÜĒžľÄŽĮłžĻľ', 'io_tp_nm': '+Žß§žąė', 'ord_pric': '242500', 'ord_qty': '1', 'cntr_pric': '242500', 'cntr_qty': '1', 'oso_qty': '0', 'tdy_trde_cmsn': '30', 'tdy_trde_tax': '0', 'ord_stt': 'ž≤īÍ≤į', 'trde_tp': 'Ž≥īŪÜĶ', 'orig_ord_no': '0000000', 'ord_tm': '094642', 'stk_cd': '014680', 'stex_tp': '1', 'stex_tp_txt': 'KRX', 'sor_yn': 'N', 'stop_pric': '0'}], 'latest_row': {'ord_no': '0139726', 'stk_nm': 'ŪēúžÜĒžľÄŽĮłžĻľ', 'io_tp_nm': '+Žß§žąė', 'ord_pric': '242500', 'ord_qty': '1', 'cntr_pric': '242500', 'cntr_qty': '1', 'oso_qty': '0', 'tdy_trde_cmsn': '30', 'tdy_trde_tax': '0', 'ord_stt': 'ž≤īÍ≤į', 'trde_tp': 'Ž≥īŪÜĶ', 'orig_ord_no': '0000000', 'ord_tm': '094642', 'stk_cd': '014680', 'stex_tp': '1', 'stex_tp_txt': 'KRX', 'sor_yn': 'N', 'stop_pric': '0'}}
FILL SELL 009970 qty=1 price=187000 filled_at=2026-07-09T09:31:56 source=poll order_id=0117068
FILL BUY 020000 qty=13 price=23050 filled_at=2026-07-09T10:04:50 source=wait_buy_filled order_id=0160564
Submitting limit sell for 020000: target_price=23250 stop_loss_price=0 decision_fill_price=23050 raw_fill={'rows': [{'ord_no': '0160564', 'stk_nm': 'ŪēúžĄ¨', 'io_tp_nm': '+Žß§žąė', 'ord_pric': '23050', 'ord_qty': '13', 'cntr_pric': '23050', 'cntr_qty': '13', 'oso_qty': '0', 'tdy_trde_cmsn': '40', 'tdy_trde_tax': '0', 'ord_stt': 'ž≤īÍ≤į', 'trde_tp': 'Ž≥īŪÜĶ', 'orig_ord_no': '0000000', 'ord_tm': '100450', 'stk_cd': '020000', 'stex_tp': '1', 'stex_tp_txt': 'KRX', 'sor_yn': 'N', 'stop_pric': '0'}], 'latest_row': {'ord_no': '0160564', 'stk_nm': 'ŪēúžĄ¨', 'io_tp_nm': '+Žß§žąė', 'ord_pric': '23050', 'ord_qty': '13', 'cntr_pric': '23050', 'cntr_qty': '13', 'oso_qty': '0', 'tdy_trde_cmsn': '40', 'tdy_trde_tax': '0', 'ord_stt': 'ž≤īÍ≤į', 'trde_tp': 'Ž≥īŪÜĶ', 'orig_ord_no': '0000000', 'ord_tm': '100450', 'stk_cd': '020000', 'stex_tp': '1', 'stex_tp_txt': 'KRX', 'sor_yn': 'N', 'stop_pric': '0'}}
FILL SELL 014680 qty=1 price=244500 filled_at=2026-07-09T09:46:42 source=poll order_id=0139740
FILL BUY 071970 qty=5 price=57800 filled_at=2026-07-09T10:19:54 source=wait_buy_filled order_id=0174721
Submitting limit sell for 071970: target_price=58400 stop_loss_price=0 decision_fill_price=57800 raw_fill={'rows': [{'ord_no': '0174721', 'stk_nm': 'HDŪėĄŽĆÄŽßąŽ¶įžóĒžßĄ', 'io_tp_nm': '+Žß§žąė', 'ord_pric': '57800', 'ord_qty': '5', 'cntr_pric': '57800', 'cntr_qty': '5', 'oso_qty': '0', 'tdy_trde_cmsn': '40', 'tdy_trde_tax': '0', 'ord_stt': 'ž≤īÍ≤į', 'trde_tp': 'Ž≥īŪÜĶ', 'orig_ord_no': '0000000', 'ord_tm': '101954', 'stk_cd': '071970', 'stex_tp': '1', 'stex_tp_txt': 'KRX', 'sor_yn': 'N', 'stop_pric': '0'}], 'latest_row': {'ord_no': '0174721', 'stk_nm': 'HDŪėĄŽĆÄŽßąŽ¶įžóĒžßĄ', 'io_tp_nm': '+Žß§žąė', 'ord_pric': '57800', 'ord_qty': '5', 'cntr_pric': '57800', 'cntr_qty': '5', 'oso_qty': '0', 'tdy_trde_cmsn': '40', 'tdy_trde_tax': '0', 'ord_stt': 'ž≤īÍ≤į', 'trde_tp': 'Ž≥īŪÜĶ', 'orig_ord_no': '0000000', 'ord_tm': '101954', 'stk_cd': '071970', 'stex_tp': '1', 'stex_tp_txt': 'KRX', 'sor_yn': 'N', 'stop_pric': '0'}}
FILL SELL 071970 qty=3 price=58400 filled_at=2026-07-09T10:19:55 source=poll order_id=0174727
FILL SELL 071970 qty=2 price=58400 filled_at=2026-07-09T10:19:55 source=poll order_id=0174727
FILL BUY 071970 qty=5 price=57700 filled_at=2026-07-09T10:28:34 source=wait_buy_filled order_id=0182528
Submitting limit sell for 071970: target_price=58400 stop_loss_price=0 decision_fill_price=57700 raw_fill={'rows': [{'ord_no': '0182528', 'stk_nm': 'HDŪėĄŽĆÄŽßąŽ¶įžóĒžßĄ', 'io_tp_nm': '+Žß§žąė', 'ord_pric': '57700', 'ord_qty': '5', 'cntr_pric': '57700', 'cntr_qty': '5', 'oso_qty': '0', 'tdy_trde_cmsn': '40', 'tdy_trde_tax': '0', 'ord_stt': 'ž≤īÍ≤į', 'trde_tp': 'Ž≥īŪÜĶ', 'orig_ord_no': '0000000', 'ord_tm': '102834', 'stk_cd': '071970', 'stex_tp': '1', 'stex_tp_txt': 'KRX', 'sor_yn': 'N', 'stop_pric': '0'}], 'latest_row': {'ord_no': '0182528', 'stk_nm': 'HDŪėĄŽĆÄŽßąŽ¶įžóĒžßĄ', 'io_tp_nm': '+Žß§žąė', 'ord_pric': '57700', 'ord_qty': '5', 'cntr_pric': '57700', 'cntr_qty': '5', 'oso_qty': '0', 'tdy_trde_cmsn': '40', 'tdy_trde_tax': '0', 'ord_stt': 'ž≤īÍ≤į', 'trde_tp': 'Ž≥īŪÜĶ', 'orig_ord_no': '0000000', 'ord_tm': '102834', 'stk_cd': '071970', 'stex_tp': '1', 'stex_tp_txt': 'KRX', 'sor_yn': 'N', 'stop_pric': '0'}}
Stop-loss triggered from account snapshot fallback: 071970 avg=57700 loss_percent=-4.55 limit_price=54900
FILL SELL 071970 qty=5 price=54900 filled_at=2026-07-09T11:50:25 source=stop_loss order_id=0248104
Stop-loss triggered from account snapshot fallback: 005850 avg=55600 loss_percent=-4.71 limit_price=53000
FILL SELL 005850 qty=5 price=53000 filled_at=2026-07-09T12:14:02 source=stop_loss order_id=0270588
Stop-loss triggered from account snapshot fallback: 020000 avg=23050 loss_percent=-4.56 limit_price=22050
FILL SELL 020000 qty=13 price=22050 filled_at=2026-07-09T12:20:13 source=stop_loss order_id=0275511
Force sell completed. Waiting for end-of-day reconciliation.
FILL BUY 005850 qty=5 price=55600 filled_at=2026-07-09T09:31:30 source=eod_reconciliation order_id=0116403
FILL BUY 014680 qty=1 price=238000 filled_at=2026-07-09T09:31:42 source=eod_reconciliation order_id=0116715
FILL SELL 014680 qty=1 price=241500 filled_at=2026-07-09T09:31:42 source=eod_reconciliation order_id=0116727
FILL BUY 009970 qty=1 price=185300 filled_at=2026-07-09T09:31:53 source=eod_reconciliation order_id=0117015
FILL SELL 009970 qty=1 price=187000 filled_at=2026-07-09T09:31:56 source=eod_reconciliation order_id=0117068
FILL BUY 499790 qty=7 price=40350 filled_at=2026-07-09T09:36:53 source=eod_reconciliation order_id=0125702
FILL SELL 499790 qty=7 price=40700 filled_at=2026-07-09T09:36:53 source=eod_reconciliation order_id=0125708
FILL BUY 014680 qty=1 price=240500 filled_at=2026-07-09T09:42:28 source=eod_reconciliation order_id=0133769
FILL SELL 014680 qty=1 price=242500 filled_at=2026-07-09T09:42:38 source=eod_reconciliation order_id=0134024
FILL BUY 014680 qty=1 price=242500 filled_at=2026-07-09T09:46:42 source=eod_reconciliation order_id=0139726
FILL SELL 014680 qty=1 price=244500 filled_at=2026-07-09T09:46:42 source=eod_reconciliation order_id=0139740
FILL BUY 020000 qty=13 price=23050 filled_at=2026-07-09T10:04:50 source=eod_reconciliation order_id=0160564
FILL BUY 071970 qty=5 price=57800 filled_at=2026-07-09T10:19:54 source=eod_reconciliation order_id=0174721
FILL SELL 071970 qty=5 price=58400 filled_at=2026-07-09T10:19:55 source=eod_reconciliation order_id=0174727
FILL BUY 071970 qty=5 price=57700 filled_at=2026-07-09T10:28:34 source=eod_reconciliation order_id=0182528
FILL SELL 071970 qty=5 price=54900 filled_at=2026-07-09T11:50:25 source=eod_reconciliation order_id=0248104
FILL SELL 005850 qty=5 price=53000 filled_at=2026-07-09T12:14:02 source=eod_reconciliation order_id=0270588
FILL SELL 020000 qty=13 price=22050 filled_at=2026-07-09T12:20:13 source=eod_reconciliation order_id=0275511
End-of-day reconciliation completed: broker_fills=18 updated=18
