Initial account value estimate: 1009778
Universe warm-up completed. prev_close_count=239 session_capital_basis=1009778 session_slot_count=3 slot_budget_per_stock=336592 position_limit=3
FILL BUY 033240 qty=13 price=25600 filled_at=2026-07-03T09:31:23 source=wait_buy_filled order_id=0132400
Submitting limit sell for 033240: target_price=26250 stop_loss_price=0 decision_fill_price=25600 raw_fill={'rows': [{'ord_no': '0132400', 'stk_nm': '자화전자', 'io_tp_nm': '+매수', 'ord_pric': '25600', 'ord_qty': '13', 'cntr_pric': '25600', 'cntr_qty': '13', 'oso_qty': '0', 'tdy_trde_cmsn': '40', 'tdy_trde_tax': '0', 'ord_stt': '체결', 'trde_tp': '보통', 'orig_ord_no': '0000000', 'ord_tm': '093123', 'stk_cd': '033240', 'stex_tp': '1', 'stex_tp_txt': 'KRX', 'sor_yn': 'N', 'stop_pric': '0'}], 'latest_row': {'ord_no': '0132400', 'stk_nm': '자화전자', 'io_tp_nm': '+매수', 'ord_pric': '25600', 'ord_qty': '13', 'cntr_pric': '25600', 'cntr_qty': '13', 'oso_qty': '0', 'tdy_trde_cmsn': '40', 'tdy_trde_tax': '0', 'ord_stt': '체결', 'trde_tp': '보통', 'orig_ord_no': '0000000', 'ord_tm': '093123', 'stk_cd': '033240', 'stex_tp': '1', 'stex_tp_txt': 'KRX', 'sor_yn': 'N', 'stop_pric': '0'}}
FILL BUY 499790 qty=6 price=35700 filled_at=2026-07-03T09:31:34 source=partial_after_cancel order_id=0132822
Partial fill recovered after cancel for 499790: 6 shares at fill_price=35700. raw_fill={'rows': [{'ord_no': '0132822', 'stk_nm': 'GS피앤엘', 'io_tp_nm': '+매수', 'ord_pric': '35700', 'ord_qty': '9', 'cntr_pric': '35700', 'cntr_qty': '6', 'oso_qty': '3', 'tdy_trde_cmsn': '30', 'tdy_trde_tax': '0', 'ord_stt': '체결', 'trde_tp': '보통', 'orig_ord_no': '0000000', 'ord_tm': '093134', 'stk_cd': '499790', 'stex_tp': '1', 'stex_tp_txt': 'KRX', 'sor_yn': 'N', 'stop_pric': '0'}], 'latest_row': {'ord_no': '0132822', 'stk_nm': 'GS피앤엘', 'io_tp_nm': '+매수', 'ord_pric': '35700', 'ord_qty': '9', 'cntr_pric': '35700', 'cntr_qty': '6', 'oso_qty': '3', 'tdy_trde_cmsn': '30', 'tdy_trde_tax': '0', 'ord_stt': '체결', 'trde_tp': '보통', 'orig_ord_no': '0000000', 'ord_tm': '093134', 'stk_cd': '499790', 'stex_tp': '1', 'stex_tp_txt': 'KRX', 'sor_yn': 'N', 'stop_pric': '0'}}.
Submitting limit sell for 499790: target_price=36200 stop_loss_price=0 decision_fill_price=35700 raw_fill={'rows': [{'ord_no': '0132822', 'stk_nm': 'GS피앤엘', 'io_tp_nm': '+매수', 'ord_pric': '35700', 'ord_qty': '9', 'cntr_pric': '35700', 'cntr_qty': '6', 'oso_qty': '3', 'tdy_trde_cmsn': '30', 'tdy_trde_tax': '0', 'ord_stt': '체결', 'trde_tp': '보통', 'orig_ord_no': '0000000', 'ord_tm': '093134', 'stk_cd': '499790', 'stex_tp': '1', 'stex_tp_txt': 'KRX', 'sor_yn': 'N', 'stop_pric': '0'}], 'latest_row': {'ord_no': '0132822', 'stk_nm': 'GS피앤엘', 'io_tp_nm': '+매수', 'ord_pric': '35700', 'ord_qty': '9', 'cntr_pric': '35700', 'cntr_qty': '6', 'oso_qty': '3', 'tdy_trde_cmsn': '30', 'tdy_trde_tax': '0', 'ord_stt': '체결', 'trde_tp': '보통', 'orig_ord_no': '0000000', 'ord_tm': '093134', 'stk_cd': '499790', 'stex_tp': '1', 'stex_tp_txt': 'KRX', 'sor_yn': 'N', 'stop_pric': '0'}}
FILL BUY 499790 qty=3 price=35700 filled_at=2026-07-03T09:31:34 source=poll order_id=0132822
Recovered additional buy fill for 499790: delta_quantity=3 total_order_fill=9 buy_order_id=0132822 target_price=36200 stop_loss_price=0. Submitting recovery exit order.
FILL SELL 499790 qty=3 price=36200 filled_at=2026-07-03T09:33:20 source=poll order_id=0136308
FILL SELL 499790 qty=6 price=36200 filled_at=2026-07-03T09:32:05 source=poll order_id=0133956
FILL SELL 033240 qty=13 price=26250 filled_at=2026-07-03T09:31:23 source=poll order_id=0132412
Planned 1 affordable targets out of desired 3 due to cash constraints.
FILL BUY 071970 qty=5 price=62500 filled_at=2026-07-03T10:38:11 source=wait_buy_filled order_id=0223671
Submitting limit sell for 071970: target_price=63400 stop_loss_price=0 decision_fill_price=62500 raw_fill={'rows': [{'ord_no': '0223671', 'stk_nm': 'HD현대마린엔진', 'io_tp_nm': '+매수', 'ord_pric': '62500', 'ord_qty': '5', 'cntr_pric': '62500', 'cntr_qty': '5', 'oso_qty': '0', 'tdy_trde_cmsn': '40', 'tdy_trde_tax': '0', 'ord_stt': '체결', 'trde_tp': '보통', 'orig_ord_no': '0000000', 'ord_tm': '103811', 'stk_cd': '071970', 'stex_tp': '1', 'stex_tp_txt': 'KRX', 'sor_yn': 'N', 'stop_pric': '0'}], 'latest_row': {'ord_no': '0223671', 'stk_nm': 'HD현대마린엔진', 'io_tp_nm': '+매수', 'ord_pric': '62500', 'ord_qty': '5', 'cntr_pric': '62500', 'cntr_qty': '5', 'oso_qty': '0', 'tdy_trde_cmsn': '40', 'tdy_trde_tax': '0', 'ord_stt': '체결', 'trde_tp': '보통', 'orig_ord_no': '0000000', 'ord_tm': '103811', 'stk_cd': '071970', 'stex_tp': '1', 'stex_tp_txt': 'KRX', 'sor_yn': 'N', 'stop_pric': '0'}}
FILL SELL 071970 qty=5 price=63400 filled_at=2026-07-03T10:38:11 source=poll order_id=0223676
Planned 1 affordable targets out of desired 3 due to cash constraints.
FILL BUY 014680 qty=1 price=259500 filled_at=2026-07-03T10:47:40 source=wait_buy_filled order_id=0234315
Submitting limit sell for 014680: target_price=262000 stop_loss_price=0 decision_fill_price=259500 raw_fill={'rows': [{'ord_no': '0234315', 'stk_nm': '한솔케미칼', 'io_tp_nm': '+매수', 'ord_pric': '259500', 'ord_qty': '1', 'cntr_pric': '259500', 'cntr_qty': '1', 'oso_qty': '0', 'tdy_trde_cmsn': '30', 'tdy_trde_tax': '0', 'ord_stt': '체결', 'trde_tp': '보통', 'orig_ord_no': '0000000', 'ord_tm': '104740', 'stk_cd': '014680', 'stex_tp': '1', 'stex_tp_txt': 'KRX', 'sor_yn': 'N', 'stop_pric': '0'}], 'latest_row': {'ord_no': '0234315', 'stk_nm': '한솔케미칼', 'io_tp_nm': '+매수', 'ord_pric': '259500', 'ord_qty': '1', 'cntr_pric': '259500', 'cntr_qty': '1', 'oso_qty': '0', 'tdy_trde_cmsn': '30', 'tdy_trde_tax': '0', 'ord_stt': '체결', 'trde_tp': '보통', 'orig_ord_no': '0000000', 'ord_tm': '104740', 'stk_cd': '014680', 'stex_tp': '1', 'stex_tp_txt': 'KRX', 'sor_yn': 'N', 'stop_pric': '0'}}
Failed to trace candidate 457190: 429 Client Error: null for url: https://api.kiwoom.com/api/dostk/mrkcond
FILL SELL 014680 qty=1 price=262000 filled_at=2026-07-03T10:47:41 source=poll order_id=0234322
Planned 1 affordable targets out of desired 3 due to cash constraints.
FILL BUY 105630 qty=12 price=8650 filled_at=2026-07-03T11:06:56 source=partial_after_cancel order_id=0252158
Partial fill recovered after cancel for 105630: 12 shares at fill_price=8650. raw_fill={'rows': [{'ord_no': '0252158', 'stk_nm': '한세실업', 'io_tp_nm': '+매수', 'ord_pric': '8650', 'ord_qty': '38', 'cntr_pric': '8650', 'cntr_qty': '12', 'oso_qty': '26', 'tdy_trde_cmsn': '10', 'tdy_trde_tax': '0', 'ord_stt': '체결', 'trde_tp': '보통', 'orig_ord_no': '0000000', 'ord_tm': '110656', 'stk_cd': '105630', 'stex_tp': '1', 'stex_tp_txt': 'KRX', 'sor_yn': 'N', 'stop_pric': '0'}], 'latest_row': {'ord_no': '0252158', 'stk_nm': '한세실업', 'io_tp_nm': '+매수', 'ord_pric': '8650', 'ord_qty': '38', 'cntr_pric': '8650', 'cntr_qty': '12', 'oso_qty': '26', 'tdy_trde_cmsn': '10', 'tdy_trde_tax': '0', 'ord_stt': '체결', 'trde_tp': '보통', 'orig_ord_no': '0000000', 'ord_tm': '110656', 'stk_cd': '105630', 'stex_tp': '1', 'stex_tp_txt': 'KRX', 'sor_yn': 'N', 'stop_pric': '0'}}.
Submitting limit sell for 105630: target_price=8730 stop_loss_price=0 decision_fill_price=8650 raw_fill={'rows': [{'ord_no': '0252158', 'stk_nm': '한세실업', 'io_tp_nm': '+매수', 'ord_pric': '8650', 'ord_qty': '38', 'cntr_pric': '8650', 'cntr_qty': '12', 'oso_qty': '26', 'tdy_trde_cmsn': '10', 'tdy_trde_tax': '0', 'ord_stt': '체결', 'trde_tp': '보통', 'orig_ord_no': '0000000', 'ord_tm': '110656', 'stk_cd': '105630', 'stex_tp': '1', 'stex_tp_txt': 'KRX', 'sor_yn': 'N', 'stop_pric': '0'}], 'latest_row': {'ord_no': '0252158', 'stk_nm': '한세실업', 'io_tp_nm': '+매수', 'ord_pric': '8650', 'ord_qty': '38', 'cntr_pric': '8650', 'cntr_qty': '12', 'oso_qty': '26', 'tdy_trde_cmsn': '10', 'tdy_trde_tax': '0', 'ord_stt': '체결', 'trde_tp': '보통', 'orig_ord_no': '0000000', 'ord_tm': '110656', 'stk_cd': '105630', 'stex_tp': '1', 'stex_tp_txt': 'KRX', 'sor_yn': 'N', 'stop_pric': '0'}}
FILL SELL 105630 qty=12 price=8730 filled_at=2026-07-03T11:07:27 source=poll order_id=0252661
FILL BUY 105630 qty=26 price=8650 filled_at=2026-07-03T11:06:56 source=poll order_id=0252158
Recovered additional buy fill for 105630: delta_quantity=26 total_order_fill=38 buy_order_id=0252158 target_price=8640 stop_loss_price=0. Submitting recovery exit order.
FILL SELL 105630 qty=19 price=8640 filled_at=2026-07-03T11:16:39 source=target_exit order_id=0261363
FILL SELL 105630 qty=7 price=8640 filled_at=2026-07-03T11:16:39 source=poll order_id=0261363
Planned 2 affordable targets out of desired 3 due to cash constraints.
FILL BUY 071970 qty=5 price=66100 filled_at=2026-07-03T11:18:40 source=wait_buy_filled order_id=0262871
Submitting limit sell for 071970: target_price=66800 stop_loss_price=0 decision_fill_price=66100 raw_fill={'rows': [{'ord_no': '0262871', 'stk_nm': 'HD현대마린엔진', 'io_tp_nm': '+매수', 'ord_pric': '66200', 'ord_qty': '5', 'cntr_pric': '66100', 'cntr_qty': '5', 'oso_qty': '0', 'tdy_trde_cmsn': '40', 'tdy_trde_tax': '0', 'ord_stt': '체결', 'trde_tp': '보통', 'orig_ord_no': '0000000', 'ord_tm': '111840', 'stk_cd': '071970', 'stex_tp': '1', 'stex_tp_txt': 'KRX', 'sor_yn': 'N', 'stop_pric': '0'}], 'latest_row': {'ord_no': '0262871', 'stk_nm': 'HD현대마린엔진', 'io_tp_nm': '+매수', 'ord_pric': '66200', 'ord_qty': '5', 'cntr_pric': '66100', 'cntr_qty': '5', 'oso_qty': '0', 'tdy_trde_cmsn': '40', 'tdy_trde_tax': '0', 'ord_stt': '체결', 'trde_tp': '보통', 'orig_ord_no': '0000000', 'ord_tm': '111840', 'stk_cd': '071970', 'stex_tp': '1', 'stex_tp_txt': 'KRX', 'sor_yn': 'N', 'stop_pric': '0'}}
FILL BUY 120110 qty=5 price=58600 filled_at=2026-07-03T11:18:51 source=wait_buy_filled order_id=0263008
Submitting limit sell for 120110: target_price=59200 stop_loss_price=0 decision_fill_price=58600 raw_fill={'rows': [{'ord_no': '0263008', 'stk_nm': '코오롱인더', 'io_tp_nm': '+매수', 'ord_pric': '58700', 'ord_qty': '5', 'cntr_pric': '58600', 'cntr_qty': '5', 'oso_qty': '0', 'tdy_trde_cmsn': '40', 'tdy_trde_tax': '0', 'ord_stt': '체결', 'trde_tp': '보통', 'orig_ord_no': '0000000', 'ord_tm': '111851', 'stk_cd': '120110', 'stex_tp': '1', 'stex_tp_txt': 'KRX', 'sor_yn': 'N', 'stop_pric': '0'}], 'latest_row': {'ord_no': '0263008', 'stk_nm': '코오롱인더', 'io_tp_nm': '+매수', 'ord_pric': '58700', 'ord_qty': '5', 'cntr_pric': '58600', 'cntr_qty': '5', 'oso_qty': '0', 'tdy_trde_cmsn': '40', 'tdy_trde_tax': '0', 'ord_stt': '체결', 'trde_tp': '보통', 'orig_ord_no': '0000000', 'ord_tm': '111851', 'stk_cd': '120110', 'stex_tp': '1', 'stex_tp_txt': 'KRX', 'sor_yn': 'N', 'stop_pric': '0'}}
FILL SELL 120110 qty=5 price=59200 filled_at=2026-07-03T11:18:52 source=poll order_id=0263012
FILL SELL 071970 qty=5 price=66800 filled_at=2026-07-03T11:18:40 source=poll order_id=0262890
Failed to trace candidate 105630: [Errno 13] Permission denied: 'C:\\Users\\bigla\\OneDrive\\Documents\\GIT\\StockAutoTradingBot\\Daily_bot\\logs\\market_traces_20260703.csv'
Failed to trace candidate 004990: 429 Client Error: null for url: https://api.kiwoom.com/api/dostk/mrkcond
Force sell completed. Waiting for end-of-day reconciliation.
FILL BUY 033240 qty=13 price=25600 filled_at=2026-07-03T09:31:23 source=eod_reconciliation order_id=0132400
FILL SELL 033240 qty=13 price=26250 filled_at=2026-07-03T09:31:23 source=eod_reconciliation order_id=0132412
FILL BUY 499790 qty=9 price=35700 filled_at=2026-07-03T09:31:34 source=eod_reconciliation order_id=0132822
FILL SELL 499790 qty=6 price=36200 filled_at=2026-07-03T09:32:05 source=eod_reconciliation order_id=0133956
FILL SELL 499790 qty=3 price=36200 filled_at=2026-07-03T09:33:20 source=eod_reconciliation order_id=0136308
FILL BUY 071970 qty=5 price=62500 filled_at=2026-07-03T10:38:11 source=eod_reconciliation order_id=0223671
FILL SELL 071970 qty=5 price=63400 filled_at=2026-07-03T10:38:11 source=eod_reconciliation order_id=0223676
FILL BUY 014680 qty=1 price=259500 filled_at=2026-07-03T10:47:40 source=eod_reconciliation order_id=0234315
FILL SELL 014680 qty=1 price=262000 filled_at=2026-07-03T10:47:41 source=eod_reconciliation order_id=0234322
FILL BUY 105630 qty=38 price=8650 filled_at=2026-07-03T11:06:56 source=eod_reconciliation order_id=0252158
FILL SELL 105630 qty=12 price=8730 filled_at=2026-07-03T11:07:27 source=eod_reconciliation order_id=0252661
FILL SELL 105630 qty=26 price=8640 filled_at=2026-07-03T11:16:39 source=eod_reconciliation order_id=0261363
FILL BUY 071970 qty=5 price=66100 filled_at=2026-07-03T11:18:40 source=eod_reconciliation order_id=0262871
FILL SELL 071970 qty=5 price=66800 filled_at=2026-07-03T11:18:40 source=eod_reconciliation order_id=0262890
FILL BUY 120110 qty=5 price=58600 filled_at=2026-07-03T11:18:51 source=eod_reconciliation order_id=0263008
FILL SELL 120110 qty=5 price=59200 filled_at=2026-07-03T11:18:52 source=eod_reconciliation order_id=0263012
End-of-day reconciliation completed: broker_fills=16 updated=16
